TN:
SF:/home/david/dql/src/DQLAuthentication.js
FNF:0
FNH:0
DA:2,0
LF:1
LH:0
BRF:0
BRH:0
end_of_record
TN:
SF:/home/david/dql/src/DQLAuthenticationManager.ts
FN:9,(anonymous_0)
FN:19,(anonymous_1)
FN:31,(anonymous_2)
FN:34,(anonymous_3)
FN:35,(anonymous_4)
FN:36,(anonymous_5)
FN:83,(anonymous_6)
FN:105,(anonymous_7)
FN:130,(anonymous_8)
FN:149,(anonymous_9)
FN:183,(anonymous_10)
FN:189,(anonymous_11)
FN:194,(anonymous_12)
FN:196,(anonymous_13)
FNF:14
FNH:4
FNDA:19,(anonymous_0)
FNDA:0,(anonymous_1)
FNDA:0,(anonymous_2)
FNDA:0,(anonymous_3)
FNDA:0,(anonymous_4)
FNDA:0,(anonymous_5)
FNDA:0,(anonymous_6)
FNDA:5,(anonymous_7)
FNDA:9,(anonymous_8)
FNDA:0,(anonymous_9)
FNDA:10,(anonymous_10)
FNDA:0,(anonymous_11)
FNDA:0,(anonymous_12)
FNDA:0,(anonymous_13)
DA:3,1
DA:5,1
DA:10,19
DA:20,0
DA:33,0
DA:34,0
DA:35,0
DA:37,0
DA:40,0
DA:42,0
DA:43,0
DA:45,0
DA:46,0
DA:48,0
DA:55,0
DA:57,0
DA:58,0
DA:60,0
DA:68,0
DA:70,0
DA:71,0
DA:74,0
DA:78,0
DA:84,0
DA:85,0
DA:92,0
DA:107,5
DA:109,5
DA:111,4
DA:112,4
DA:114,4
DA:116,2
DA:132,9
DA:134,6
DA:136,6
DA:138,6
DA:140,6
DA:142,6
DA:144,6
DA:151,0
DA:153,0
DA:155,0
DA:156,0
DA:157,0
DA:160,0
DA:162,0
DA:163,0
DA:165,0
DA:184,10
DA:185,10
DA:186,10
DA:191,0
DA:193,0
DA:194,0
DA:195,0
DA:197,0
DA:206,0
LF:57
LH:19
BRDA:37,0,0,0
BRDA:37,0,1,0
BRDA:40,1,0,0
BRDA:40,1,1,0
BRDA:44,2,0,0
BRDA:44,2,1,0
BRDA:44,2,2,0
BRDA:45,3,0,0
BRDA:45,3,1,0
BRDA:57,4,0,0
BRDA:57,4,1,0
BRDA:70,5,0,0
BRDA:70,5,1,0
BRDA:84,6,0,0
BRDA:84,6,1,0
BRDA:109,7,0,1
BRDA:109,7,1,4
BRDA:114,8,0,2
BRDA:114,8,1,2
BRDA:132,9,0,3
BRDA:132,9,1,6
BRDA:134,10,0,1
BRDA:134,10,1,5
BRDA:136,11,0,0
BRDA:136,11,1,6
BRDA:138,12,0,0
BRDA:138,12,1,6
BRDA:142,13,0,0
BRDA:142,13,1,6
BRDA:155,14,0,0
BRDA:155,14,1,0
BRDA:157,15,0,0
BRDA:157,15,1,0
BRDA:161,16,0,0
BRDA:161,16,1,0
BRDA:184,17,0,0
BRDA:184,17,1,10
BRDA:193,18,0,0
BRDA:193,18,1,0
BRF:39
BRH:12
end_of_record
TN:
SF:/home/david/dql/src/DQLEndpoint.js
FNF:0
FNH:0
DA:2,0
LF:1
LH:0
BRF:0
BRH:0
end_of_record
TN:
SF:/home/david/dql/src/DQLEndpointController.ts
FN:93,(anonymous_0)
FNF:1
FNH:1
FNDA:5,(anonymous_0)
DA:91,1
LF:1
LH:1
BRF:0
BRH:0
end_of_record
TN:
SF:/home/david/dql/src/DQLEndpointControllerManager.js
FN:4,(anonymous_0)
FN:10,(anonymous_1)
FN:13,(anonymous_2)
FN:14,(anonymous_3)
FN:17,(anonymous_4)
FNF:5
FNH:0
FNDA:0,(anonymous_0)
FNDA:0,(anonymous_1)
FNDA:0,(anonymous_2)
FNDA:0,(anonymous_3)
FNDA:0,(anonymous_4)
DA:2,0
DA:5,0
DA:6,0
DA:7,0
DA:8,0
DA:11,0
DA:12,0
DA:13,0
DA:15,0
DA:18,0
DA:20,0
DA:23,0
LF:12
LH:0
BRDA:6,0,0,0
BRDA:6,0,1,0
BRDA:13,1,0,0
BRDA:13,1,1,0
BRF:4
BRH:0
end_of_record
TN:
SF:/home/david/dql/src/DQLEndpointManager.ts
FN:17,(anonymous_1)
FN:21,(anonymous_2)
FN:54,(anonymous_3)
FN:82,(anonymous_4)
FN:108,(anonymous_5)
FN:132,(anonymous_6)
FN:137,(anonymous_7)
FN:186,(anonymous_8)
FN:187,(anonymous_9)
FN:196,(anonymous_10)
FN:197,(anonymous_11)
FN:205,(anonymous_12)
FN:206,(anonymous_13)
FN:215,(anonymous_14)
FN:238,(anonymous_15)
FN:253,(anonymous_16)
FN:254,(anonymous_17)
FN:265,(anonymous_18)
FN:282,(anonymous_19)
FN:284,(anonymous_20)
FN:300,(anonymous_21)
FN:325,(anonymous_22)
FN:336,(anonymous_23)
FN:343,(anonymous_24)
FN:349,(anonymous_25)
FN:366,(anonymous_26)
FN:396,(anonymous_27)
FN:412,(anonymous_28)
FN:415,(anonymous_29)
FN:453,(anonymous_30)
FN:470,(anonymous_31)
FN:483,(anonymous_32)
FN:503,(anonymous_33)
FN:505,(anonymous_34)
FNF:34
FNH:25
FNDA:27,(anonymous_1)
FNDA:8,(anonymous_2)
FNDA:13,(anonymous_3)
FNDA:23,(anonymous_4)
FNDA:8,(anonymous_5)
FNDA:5,(anonymous_6)
FNDA:15,(anonymous_7)
FNDA:0,(anonymous_8)
FNDA:0,(anonymous_9)
FNDA:0,(anonymous_10)
FNDA:0,(anonymous_11)
FNDA:0,(anonymous_12)
FNDA:0,(anonymous_13)
FNDA:2,(anonymous_14)
FNDA:16,(anonymous_15)
FNDA:0,(anonymous_16)
FNDA:0,(anonymous_17)
FNDA:34,(anonymous_18)
FNDA:3,(anonymous_19)
FNDA:3,(anonymous_20)
FNDA:2,(anonymous_21)
FNDA:0,(anonymous_22)
FNDA:11,(anonymous_23)
FNDA:14,(anonymous_24)
FNDA:14,(anonymous_25)
FNDA:16,(anonymous_26)
FNDA:22,(anonymous_27)
FNDA:22,(anonymous_28)
FNDA:22,(anonymous_29)
FNDA:49,(anonymous_30)
FNDA:21,(anonymous_31)
FNDA:27,(anonymous_32)
FNDA:16,(anonymous_33)
FNDA:8,(anonymous_34)
DA:3,1
DA:4,1
DA:5,1
DA:7,1
DA:18,27
DA:22,8
DA:23,8
DA:24,8
DA:26,2
DA:27,2
DA:29,3
DA:30,3
DA:32,3
DA:33,3
DA:36,8
DA:56,13
DA:57,5
DA:60,8
DA:62,0
DA:63,0
DA:64,0
DA:65,0
DA:66,0
DA:67,0
DA:69,8
DA:84,23
DA:86,7
DA:87,0
DA:89,16
DA:90,5
DA:92,11
DA:94,0
DA:95,0
DA:109,8
DA:111,3
DA:113,5
DA:114,0
DA:116,5
DA:118,0
DA:120,0
DA:134,5
DA:135,5
DA:137,5
DA:138,15
DA:140,2
DA:145,2
DA:147,3
DA:152,3
DA:154,1
DA:159,1
DA:161,0
DA:166,0
DA:168,2
DA:173,2
DA:174,7
DA:187,0
DA:197,0
DA:198,0
DA:206,0
DA:216,2
DA:228,2
DA:239,16
DA:240,0
DA:243,16
DA:254,0
DA:267,34
DA:268,0
DA:271,34
DA:272,34
DA:273,34
DA:284,3
DA:286,3
DA:287,3
DA:288,1
DA:291,2
DA:293,2
DA:295,2
DA:296,0
DA:300,2
DA:302,2
DA:303,1
DA:306,1
DA:307,1
DA:309,1
DA:310,0
DA:326,0
DA:338,11
DA:340,11
DA:342,11
DA:344,14
DA:349,14
DA:351,11
DA:355,11
DA:368,16
DA:370,16
DA:372,16
DA:374,16
DA:375,2
DA:378,14
DA:379,0
DA:382,14
DA:383,1
DA:384,1
DA:385,1
DA:389,14
DA:390,14
DA:392,14
DA:397,22
DA:398,22
DA:400,0
DA:413,22
DA:415,22
DA:417,22
DA:419,22
DA:421,17
DA:422,17
DA:424,2
DA:425,2
DA:427,3
DA:428,3
DA:429,0
DA:432,22
DA:433,9
DA:436,13
DA:437,13
DA:439,6
DA:441,7
DA:454,49
DA:455,49
DA:456,13
DA:459,36
DA:471,21
DA:485,27
DA:486,17
DA:488,10
DA:504,16
DA:505,8
DA:508,8
LF:138
LH:111
BRDA:25,0,0,2
BRDA:25,0,1,3
BRDA:25,0,2,3
BRDA:54,1,0,10
BRDA:56,2,0,5
BRDA:56,2,1,8
BRDA:56,3,0,13
BRDA:56,3,1,8
BRDA:61,4,0,0
BRDA:61,4,1,8
BRDA:85,5,0,7
BRDA:85,5,1,16
BRDA:85,5,2,0
BRDA:89,6,0,5
BRDA:89,6,1,11
BRDA:110,7,0,3
BRDA:110,7,1,5
BRDA:110,7,2,0
BRDA:113,8,0,0
BRDA:113,8,1,5
BRDA:139,9,0,2
BRDA:139,9,1,3
BRDA:139,9,2,1
BRDA:139,9,3,0
BRDA:139,9,4,2
BRDA:139,9,5,7
BRDA:206,10,0,0
BRDA:206,10,1,0
BRDA:239,11,0,0
BRDA:239,11,1,16
BRDA:267,12,0,0
BRDA:267,12,1,34
BRDA:287,13,0,1
BRDA:287,13,1,2
BRDA:293,14,0,0
BRDA:293,14,1,2
BRDA:295,15,0,0
BRDA:295,15,1,2
BRDA:295,16,0,2
BRDA:295,16,1,2
BRDA:302,17,0,1
BRDA:302,17,1,1
BRDA:309,18,0,0
BRDA:309,18,1,1
BRDA:309,19,0,1
BRDA:309,19,1,1
BRDA:326,20,0,0
BRDA:326,20,1,0
BRDA:351,21,0,6
BRDA:351,21,1,5
BRDA:374,22,0,2
BRDA:374,22,1,14
BRDA:374,23,0,16
BRDA:374,23,1,7
BRDA:378,24,0,0
BRDA:378,24,1,14
BRDA:382,25,0,1
BRDA:382,25,1,13
BRDA:385,26,0,0
BRDA:385,26,1,1
BRDA:415,27,0,22
BRDA:415,27,1,0
BRDA:420,28,0,17
BRDA:420,28,1,2
BRDA:420,28,2,3
BRDA:420,28,3,0
BRDA:432,29,0,9
BRDA:432,29,1,13
BRDA:438,30,0,6
BRDA:438,30,1,7
BRDA:454,31,0,49
BRDA:454,31,1,37
BRDA:455,32,0,13
BRDA:455,32,1,36
BRDA:455,33,0,49
BRDA:455,33,1,32
BRDA:471,34,0,6
BRDA:471,34,1,15
BRDA:486,35,0,17
BRDA:486,35,1,10
BRDA:488,36,0,6
BRDA:488,36,1,4
BRDA:504,37,0,8
BRDA:504,37,1,8
BRDA:504,38,0,16
BRDA:504,38,1,8
BRF:86
BRH:68
end_of_record
TN:
SF:/home/david/dql/src/DQLEndpointProperty.js
FNF:0
FNH:0
DA:2,0
LF:1
LH:0
BRF:0
BRH:0
end_of_record
TN:
SF:/home/david/dql/src/DQLServer.js
FN:2,(anonymous_0)
FN:5,(anonymous_1)
FN:21,(anonymous_2)
FN:26,(anonymous_3)
FN:28,(anonymous_4)
FN:42,(anonymous_5)
FN:67,(anonymous_6)
FN:69,(anonymous_7)
FN:96,(anonymous_8)
FN:99,(anonymous_9)
FN:110,(anonymous_10)
FN:111,(anonymous_11)
FN:117,(anonymous_12)
FN:130,(anonymous_13)
FN:141,(anonymous_14)
FN:149,(anonymous_15)
FN:150,(anonymous_16)
FN:159,(anonymous_17)
FN:178,(anonymous_18)
FN:183,(anonymous_19)
FN:205,(anonymous_20)
FN:213,(anonymous_21)
FN:250,(anonymous_22)
FN:254,(anonymous_23)
FN:274,(anonymous_24)
FN:276,(anonymous_25)
FN:282,(anonymous_26)
FN:288,(anonymous_27)
FN:308,(anonymous_28)
FN:323,(anonymous_29)
FNF:30
FNH:0
FNDA:0,(anonymous_0)
FNDA:0,(anonymous_1)
FNDA:0,(anonymous_2)
FNDA:0,(anonymous_3)
FNDA:0,(anonymous_4)
FNDA:0,(anonymous_5)
FNDA:0,(anonymous_6)
FNDA:0,(anonymous_7)
FNDA:0,(anonymous_8)
FNDA:0,(anonymous_9)
FNDA:0,(anonymous_10)
FNDA:0,(anonymous_11)
FNDA:0,(anonymous_12)
FNDA:0,(anonymous_13)
FNDA:0,(anonymous_14)
FNDA:0,(anonymous_15)
FNDA:0,(anonymous_16)
FNDA:0,(anonymous_17)
FNDA:0,(anonymous_18)
FNDA:0,(anonymous_19)
FNDA:0,(anonymous_20)
FNDA:0,(anonymous_21)
FNDA:0,(anonymous_22)
FNDA:0,(anonymous_23)
FNDA:0,(anonymous_24)
FNDA:0,(anonymous_25)
FNDA:0,(anonymous_26)
FNDA:0,(anonymous_27)
FNDA:0,(anonymous_28)
FNDA:0,(anonymous_29)
DA:2,0
DA:3,0
DA:5,0
DA:6,0
DA:7,0
DA:8,0
DA:9,0
DA:10,0
DA:12,0
DA:13,0
DA:14,0
DA:15,0
DA:16,0
DA:17,0
DA:18,0
DA:19,0
DA:22,0
DA:23,0
DA:24,0
DA:27,0
DA:28,0
DA:29,0
DA:31,0
DA:43,0
DA:44,0
DA:45,0
DA:46,0
DA:47,0
DA:48,0
DA:49,0
DA:50,0
DA:68,0
DA:69,0
DA:70,0
DA:72,0
DA:73,0
DA:76,0
DA:97,0
DA:98,0
DA:99,0
DA:100,0
DA:101,0
DA:102,0
DA:103,0
DA:104,0
DA:105,0
DA:106,0
DA:108,0
DA:110,0
DA:111,0
DA:112,0
DA:117,0
DA:122,0
DA:131,0
DA:142,0
DA:143,0
DA:144,0
DA:150,0
DA:151,0
DA:153,0
DA:154,0
DA:155,0
DA:156,0
DA:157,0
DA:158,0
DA:159,0
DA:160,0
DA:164,0
DA:179,0
DA:180,0
DA:181,0
DA:182,0
DA:183,0
DA:184,0
DA:185,0
DA:191,0
DA:193,0
DA:205,0
DA:206,0
DA:207,0
DA:208,0
DA:209,0
DA:210,0
DA:211,0
DA:212,0
DA:213,0
DA:214,0
DA:215,0
DA:217,0
DA:218,0
DA:220,0
DA:221,0
DA:223,0
DA:225,0
DA:226,0
DA:228,0
DA:229,0
DA:230,0
DA:232,0
DA:233,0
DA:234,0
DA:236,0
DA:237,0
DA:238,0
DA:240,0
DA:241,0
DA:243,0
DA:244,0
DA:249,0
DA:250,0
DA:251,0
DA:255,0
DA:256,0
DA:258,0
DA:259,0
DA:261,0
DA:262,0
DA:264,0
DA:265,0
DA:267,0
DA:268,0
DA:270,0
DA:271,0
DA:275,0
DA:276,0
DA:277,0
DA:280,0
DA:283,0
DA:284,0
DA:285,0
DA:286,0
DA:288,0
DA:289,0
DA:290,0
DA:292,0
DA:294,0
DA:296,0
DA:298,0
DA:302,0
DA:303,0
DA:304,0
DA:308,0
DA:313,0
DA:315,0
DA:324,0
DA:325,0
DA:326,0
DA:327,0
DA:330,0
DA:331,0
LF:150
LH:0
BRDA:2,0,0,0
BRDA:2,0,1,0
BRDA:2,0,2,0
BRDA:3,1,0,0
BRDA:3,1,1,0
BRDA:3,2,0,0
BRDA:3,2,1,0
BRDA:5,3,0,0
BRDA:5,3,1,0
BRDA:5,3,2,0
BRDA:6,4,0,0
BRDA:6,4,1,0
BRDA:6,5,0,0
BRDA:6,5,1,0
BRDA:8,6,0,0
BRDA:8,6,1,0
BRDA:8,7,0,0
BRDA:8,7,1,0
BRDA:43,8,0,0
BRDA:43,8,1,0
BRDA:46,9,0,0
BRDA:46,9,1,0
BRDA:47,10,0,0
BRDA:47,10,1,0
BRDA:49,11,0,0
BRDA:49,11,1,0
BRDA:49,12,0,0
BRDA:49,12,1,0
BRDA:70,13,0,0
BRDA:70,13,1,0
BRDA:102,14,0,0
BRDA:102,14,1,0
BRDA:104,15,0,0
BRDA:104,15,1,0
BRDA:108,16,0,0
BRDA:108,16,1,0
BRDA:154,17,0,0
BRDA:154,17,1,0
BRDA:156,18,0,0
BRDA:156,18,1,0
BRDA:158,19,0,0
BRDA:158,19,1,0
BRDA:184,20,0,0
BRDA:184,20,1,0
BRDA:209,21,0,0
BRDA:209,21,1,0
BRDA:211,22,0,0
BRDA:211,22,1,0
BRDA:212,23,0,0
BRDA:212,23,1,0
BRDA:214,24,0,0
BRDA:214,24,1,0
BRDA:217,25,0,0
BRDA:217,25,1,0
BRDA:220,26,0,0
BRDA:220,26,1,0
BRDA:223,27,0,0
BRDA:223,27,1,0
BRDA:223,27,2,0
BRDA:223,27,3,0
BRDA:223,27,4,0
BRDA:223,27,5,0
BRDA:250,28,0,0
BRDA:250,28,1,0
BRDA:250,29,0,0
BRDA:250,29,1,0
BRDA:256,30,0,0
BRDA:256,30,1,0
BRDA:256,30,2,0
BRDA:256,30,3,0
BRDA:256,30,4,0
BRDA:275,31,0,0
BRDA:275,31,1,0
BRDA:285,32,0,0
BRDA:285,32,1,0
BRDA:288,33,0,0
BRDA:288,33,1,0
BRDA:288,33,2,0
BRDA:290,34,0,0
BRDA:290,34,1,0
BRDA:290,34,2,0
BRDA:290,34,3,0
BRDA:299,35,0,0
BRDA:299,35,1,0
BRDA:302,36,0,0
BRDA:302,36,1,0
BRF:86
BRH:0
end_of_record
TN:
SF:/home/david/dql/src/PropertyValidators.ts
FN:5,isNumber
FN:12,isBoolean
FN:19,isString
FNF:3
FNH:3
FNDA:2,isNumber
FNDA:17,isBoolean
FNDA:6,isString
DA:1,1
DA:2,1
DA:3,1
DA:5,1
DA:6,2
DA:7,1
DA:9,2
DA:12,1
DA:13,17
DA:14,12
DA:16,17
DA:19,1
DA:20,6
DA:21,0
DA:23,6
DA:24,1
DA:27,6
LF:17
LH:16
BRDA:6,0,0,1
BRDA:6,0,1,1
BRDA:13,1,0,12
BRDA:13,1,1,5
BRDA:20,2,0,0
BRDA:20,2,1,6
BRDA:23,3,0,1
BRDA:23,3,1,5
BRF:8
BRH:7
end_of_record
TN:
SF:/home/david/dql/src/firebase-auth/AuthCredentials.js
FNF:0
FNH:0
DA:2,0
LF:1
LH:0
BRF:0
BRH:0
end_of_record
TN:
SF:/home/david/dql/src/firebase-auth/AuthEmailLoginError.js
FNF:0
FNH:0
DA:2,0
LF:1
LH:0
BRF:0
BRH:0
end_of_record
TN:
SF:/home/david/dql/src/firebase-auth/AuthEmailLoginParams.js
FNF:0
FNH:0
DA:2,0
LF:1
LH:0
BRF:0
BRH:0
end_of_record
TN:
SF:/home/david/dql/src/firebase-auth/AuthEmailLoginResponse.js
FNF:0
FNH:0
DA:2,0
LF:1
LH:0
BRF:0
BRH:0
end_of_record
TN:
SF:/home/david/dql/src/firebase-auth/firebaseAuthLoginEmailPassword.ts
FN:15,(anonymous_7)
FN:15,(anonymous_8)
FN:17,(anonymous_9)
FN:36,(anonymous_10)
FN:36,(anonymous_11)
FNF:5
FNH:0
FNDA:0,(anonymous_7)
FNDA:0,(anonymous_8)
FNDA:0,(anonymous_9)
FNDA:0,(anonymous_10)
FNDA:0,(anonymous_11)
DA:1,1
DA:5,1
DA:7,1
DA:15,1
DA:17,0
DA:18,0
DA:21,0
DA:23,0
DA:25,0
DA:36,0
DA:37,0
DA:39,0
DA:40,0
DA:42,0
DA:43,0
DA:48,1
LF:16
LH:5
BRDA:38,0,0,0
BRDA:38,0,1,0
BRF:2
BRH:0
end_of_record
TN:
SF:/home/david/dql/src/firebase-auth/firebaseSignupEmailPassword.ts
FN:9,(anonymous_8)
FN:31,(anonymous_9)
FN:31,(anonymous_10)
FN:33,(anonymous_11)
FN:52,(anonymous_12)
FN:52,(anonymous_13)
FNF:6
FNH:0
FNDA:0,(anonymous_8)
FNDA:0,(anonymous_9)
FNDA:0,(anonymous_10)
FNDA:0,(anonymous_11)
FNDA:0,(anonymous_12)
FNDA:0,(anonymous_13)
DA:1,1
DA:5,1
DA:7,1
DA:9,1
DA:11,0
DA:20,0
DA:21,0
DA:26,0
DA:31,1
DA:33,0
DA:34,0
DA:37,0
DA:39,0
DA:41,0
DA:52,0
DA:53,0
DA:55,0
DA:56,0
DA:58,0
DA:59,0
DA:64,1
LF:21
LH:6
BRDA:20,0,0,0
BRDA:20,0,1,0
BRDA:54,1,0,0
BRDA:54,1,1,0
BRF:4
BRH:0
end_of_record
TN:
SF:/home/david/dql/src/firebase-auth/firebaseVerifyAuthToken.ts
FN:18,(anonymous_7)
FN:32,(anonymous_8)
FN:57,(anonymous_9)
FN:57,(anonymous_10)
FN:61,(anonymous_11)
FN:70,(anonymous_12)
FN:70,(anonymous_13)
FN:72,(anonymous_14)
FN:78,(anonymous_15)
FN:86,(anonymous_16)
FN:89,(anonymous_17)
FN:103,(anonymous_18)
FNF:12
FNH:0
FNDA:0,(anonymous_7)
FNDA:0,(anonymous_8)
FNDA:0,(anonymous_9)
FNDA:0,(anonymous_10)
FNDA:0,(anonymous_11)
FNDA:0,(anonymous_12)
FNDA:0,(anonymous_13)
FNDA:0,(anonymous_14)
FNDA:0,(anonymous_15)
FNDA:0,(anonymous_16)
FNDA:0,(anonymous_17)
FNDA:0,(anonymous_18)
DA:1,1
DA:2,1
DA:10,1
DA:18,1
DA:19,0
DA:20,0
DA:22,0
DA:32,1
DA:34,0
DA:38,0
DA:40,0
DA:42,0
DA:43,0
DA:44,0
DA:46,0
DA:57,1
DA:58,0
DA:61,0
DA:70,1
DA:72,0
DA:73,0
DA:76,0
DA:78,0
DA:79,0
DA:82,0
DA:84,0
DA:86,0
DA:87,0
DA:90,0
DA:91,0
DA:93,0
DA:94,0
DA:95,0
DA:105,0
DA:107,0
DA:115,0
DA:119,1
LF:37
LH:8
BRDA:20,0,0,0
BRDA:20,0,1,0
BRDA:38,1,0,0
BRDA:38,1,1,0
BRDA:42,2,0,0
BRDA:42,2,1,0
BRDA:43,3,0,0
BRDA:43,3,1,0
BRDA:44,4,0,0
BRDA:44,4,1,0
BRDA:48,5,0,0
BRDA:48,5,1,0
BRDA:82,6,0,0
BRDA:82,6,1,0
BRDA:90,7,0,0
BRDA:90,7,1,0
BRDA:105,8,0,0
BRDA:105,8,1,0
BRDA:109,9,0,0
BRDA:109,9,1,0
BRDA:110,10,0,0
BRDA:110,10,1,0
BRF:22
BRH:0
end_of_record
TN:
SF:/home/david/dql/src/firebase-auth/handleFirebaseError.js
FN:2,(anonymous_0)
FN:30,(anonymous_1)
FNF:2
FNH:0
FNDA:0,(anonymous_0)
FNDA:0,(anonymous_1)
DA:2,0
DA:3,0
DA:4,0
DA:5,0
DA:6,0
DA:7,0
DA:9,0
DA:10,0
DA:11,0
DA:30,0
DA:31,0
DA:34,0
DA:45,0
DA:46,0
DA:47,0
DA:50,0
DA:53,0
LF:17
LH:0
BRDA:2,0,0,0
BRDA:2,0,1,0
BRDA:2,0,2,0
BRDA:3,1,0,0
BRDA:3,1,1,0
BRDA:3,2,0,0
BRDA:3,2,1,0
BRDA:5,3,0,0
BRDA:5,3,1,0
BRDA:5,4,0,0
BRDA:5,4,1,0
BRDA:46,5,0,0
BRDA:46,5,1,0
BRF:13
BRH:0
end_of_record
TN:
SF:/home/david/dql/src/firebase-auth/index.ts
FNF:0
FNH:0
DA:1,1
DA:2,1
DA:3,1
DA:5,1
LF:4
LH:4
BRF:0
BRH:0
end_of_record
