TN:
SF:/home/david/dql/src/DQLAuthentication.js
FNF:0
FNH:0
DA:2,0
DA:3,0
LF:2
LH:0
BRF:0
BRH:0
end_of_record
TN:
SF:/home/david/dql/src/DQLAuthenticationManager.ts
FN:11,(anonymous_0)
FN:21,(anonymous_1)
FN:33,(anonymous_2)
FN:36,(anonymous_3)
FN:37,(anonymous_4)
FN:38,(anonymous_5)
FN:85,(anonymous_6)
FN:107,(anonymous_7)
FN:133,(anonymous_8)
FN:152,(anonymous_9)
FN:186,(anonymous_10)
FN:192,(anonymous_11)
FN:197,(anonymous_12)
FN:199,(anonymous_13)
FNF:14
FNH:4
FNDA:23,(anonymous_0)
FNDA:0,(anonymous_1)
FNDA:0,(anonymous_2)
FNDA:0,(anonymous_3)
FNDA:0,(anonymous_4)
FNDA:0,(anonymous_5)
FNDA:0,(anonymous_6)
FNDA:5,(anonymous_7)
FNDA:9,(anonymous_8)
FNDA:0,(anonymous_9)
FNDA:14,(anonymous_10)
FNDA:0,(anonymous_11)
FNDA:0,(anonymous_12)
FNDA:0,(anonymous_13)
DA:5,1
DA:7,1
DA:12,23
DA:22,0
DA:35,0
DA:36,0
DA:37,0
DA:39,0
DA:42,0
DA:44,0
DA:45,0
DA:47,0
DA:48,0
DA:50,0
DA:57,0
DA:59,0
DA:60,0
DA:62,0
DA:70,0
DA:72,0
DA:73,0
DA:76,0
DA:80,0
DA:86,0
DA:87,0
DA:94,0
DA:109,5
DA:111,5
DA:113,4
DA:114,4
DA:116,4
DA:118,2
DA:135,9
DA:137,6
DA:139,6
DA:141,6
DA:143,6
DA:145,6
DA:147,6
DA:154,0
DA:156,0
DA:158,0
DA:159,0
DA:160,0
DA:163,0
DA:165,0
DA:166,0
DA:168,0
DA:187,14
DA:188,14
DA:189,14
DA:194,0
DA:196,0
DA:197,0
DA:198,0
DA:200,0
DA:209,0
LF:57
LH:19
BRDA:39,0,0,0
BRDA:39,0,1,0
BRDA:42,1,0,0
BRDA:42,1,1,0
BRDA:46,2,0,0
BRDA:46,2,1,0
BRDA:46,2,2,0
BRDA:47,3,0,0
BRDA:47,3,1,0
BRDA:59,4,0,0
BRDA:59,4,1,0
BRDA:72,5,0,0
BRDA:72,5,1,0
BRDA:86,6,0,0
BRDA:86,6,1,0
BRDA:111,7,0,1
BRDA:111,7,1,4
BRDA:116,8,0,2
BRDA:116,8,1,2
BRDA:135,9,0,3
BRDA:135,9,1,6
BRDA:137,10,0,1
BRDA:137,10,1,5
BRDA:139,11,0,0
BRDA:139,11,1,6
BRDA:141,12,0,0
BRDA:141,12,1,6
BRDA:145,13,0,0
BRDA:145,13,1,6
BRDA:158,14,0,0
BRDA:158,14,1,0
BRDA:160,15,0,0
BRDA:160,15,1,0
BRDA:164,16,0,0
BRDA:164,16,1,0
BRDA:187,17,0,0
BRDA:187,17,1,14
BRDA:196,18,0,0
BRDA:196,18,1,0
BRF:39
BRH:12
end_of_record
TN:
SF:/home/david/dql/src/DQLEndpoint.js
FNF:0
FNH:0
DA:2,0
LF:1
LH:0
BRF:0
BRH:0
end_of_record
TN:
SF:/home/david/dql/src/DQLEndpointManager.ts
FN:17,(anonymous_1)
FN:21,(anonymous_2)
FN:39,(anonymous_3)
FN:55,(anonymous_4)
FN:56,(anonymous_5)
FN:59,(anonymous_6)
FN:60,(anonymous_7)
FN:68,(anonymous_8)
FN:69,(anonymous_9)
FN:78,(anonymous_10)
FN:101,(anonymous_11)
FN:116,(anonymous_12)
FN:117,(anonymous_13)
FN:128,(anonymous_14)
FN:145,(anonymous_15)
FN:147,(anonymous_16)
FN:163,(anonymous_17)
FN:188,(anonymous_18)
FN:199,(anonymous_19)
FN:206,(anonymous_20)
FN:212,(anonymous_21)
FN:229,(anonymous_22)
FN:259,(anonymous_23)
FN:275,(anonymous_24)
FN:278,(anonymous_25)
FN:326,(anonymous_26)
FN:343,(anonymous_27)
FN:356,(anonymous_28)
FN:376,(anonymous_29)
FN:378,(anonymous_30)
FNF:30
FNH:19
FNDA:21,(anonymous_1)
FNDA:0,(anonymous_2)
FNDA:0,(anonymous_3)
FNDA:0,(anonymous_4)
FNDA:0,(anonymous_5)
FNDA:0,(anonymous_6)
FNDA:0,(anonymous_7)
FNDA:0,(anonymous_8)
FNDA:0,(anonymous_9)
FNDA:2,(anonymous_10)
FNDA:16,(anonymous_11)
FNDA:0,(anonymous_12)
FNDA:0,(anonymous_13)
FNDA:34,(anonymous_14)
FNDA:3,(anonymous_15)
FNDA:3,(anonymous_16)
FNDA:2,(anonymous_17)
FNDA:0,(anonymous_18)
FNDA:11,(anonymous_19)
FNDA:14,(anonymous_20)
FNDA:14,(anonymous_21)
FNDA:16,(anonymous_22)
FNDA:22,(anonymous_23)
FNDA:22,(anonymous_24)
FNDA:22,(anonymous_25)
FNDA:49,(anonymous_26)
FNDA:21,(anonymous_27)
FNDA:27,(anonymous_28)
FNDA:16,(anonymous_29)
FNDA:8,(anonymous_30)
DA:1,1
DA:2,1
DA:3,1
DA:7,1
DA:18,21
DA:22,0
DA:23,0
DA:24,0
DA:26,0
DA:27,0
DA:29,0
DA:30,0
DA:32,0
DA:33,0
DA:36,0
DA:41,0
DA:43,0
DA:44,0
DA:45,0
DA:46,0
DA:47,0
DA:48,0
DA:50,0
DA:56,0
DA:60,0
DA:61,0
DA:69,0
DA:79,2
DA:91,2
DA:102,16
DA:103,0
DA:106,16
DA:117,0
DA:130,34
DA:131,0
DA:134,34
DA:135,34
DA:136,34
DA:147,3
DA:149,3
DA:150,3
DA:151,1
DA:154,2
DA:156,2
DA:158,2
DA:159,0
DA:163,2
DA:165,2
DA:166,1
DA:169,1
DA:170,1
DA:172,1
DA:173,0
DA:189,0
DA:201,11
DA:203,11
DA:205,11
DA:207,14
DA:212,14
DA:214,11
DA:218,11
DA:231,16
DA:233,16
DA:235,16
DA:237,16
DA:238,2
DA:241,14
DA:242,0
DA:245,14
DA:246,1
DA:247,1
DA:248,1
DA:252,14
DA:253,14
DA:255,14
DA:260,22
DA:261,22
DA:263,0
DA:276,22
DA:278,22
DA:280,22
DA:282,22
DA:284,17
DA:285,12
DA:287,17
DA:289,2
DA:290,1
DA:292,2
DA:295,3
DA:296,0
DA:298,3
DA:299,0
DA:301,3
DA:302,0
DA:305,22
DA:306,9
DA:309,13
DA:310,13
DA:312,6
DA:314,7
DA:327,49
DA:328,49
DA:329,13
DA:332,36
DA:344,21
DA:358,27
DA:359,17
DA:361,10
DA:377,16
DA:378,8
DA:381,8
LF:111
LH:78
BRDA:25,0,0,0
BRDA:25,0,1,0
BRDA:25,0,2,0
BRDA:42,1,0,0
BRDA:42,1,1,0
BRDA:69,2,0,0
BRDA:69,2,1,0
BRDA:102,3,0,0
BRDA:102,3,1,16
BRDA:130,4,0,0
BRDA:130,4,1,34
BRDA:150,5,0,1
BRDA:150,5,1,2
BRDA:156,6,0,0
BRDA:156,6,1,2
BRDA:158,7,0,0
BRDA:158,7,1,2
BRDA:158,8,0,2
BRDA:158,8,1,2
BRDA:165,9,0,1
BRDA:165,9,1,1
BRDA:172,10,0,0
BRDA:172,10,1,1
BRDA:172,11,0,1
BRDA:172,11,1,1
BRDA:189,12,0,0
BRDA:189,12,1,0
BRDA:214,13,0,6
BRDA:214,13,1,5
BRDA:237,14,0,2
BRDA:237,14,1,14
BRDA:237,15,0,16
BRDA:237,15,1,7
BRDA:241,16,0,0
BRDA:241,16,1,14
BRDA:245,17,0,1
BRDA:245,17,1,13
BRDA:248,18,0,0
BRDA:248,18,1,1
BRDA:278,19,0,22
BRDA:278,19,1,0
BRDA:283,20,0,17
BRDA:283,20,1,2
BRDA:283,20,2,3
BRDA:283,20,3,0
BRDA:284,21,0,12
BRDA:284,21,1,5
BRDA:289,22,0,1
BRDA:289,22,1,1
BRDA:295,23,0,0
BRDA:295,23,1,3
BRDA:298,24,0,0
BRDA:298,24,1,3
BRDA:305,25,0,9
BRDA:305,25,1,13
BRDA:311,26,0,6
BRDA:311,26,1,7
BRDA:327,27,0,49
BRDA:327,27,1,37
BRDA:328,28,0,13
BRDA:328,28,1,36
BRDA:328,29,0,49
BRDA:328,29,1,32
BRDA:344,30,0,6
BRDA:344,30,1,15
BRDA:359,31,0,17
BRDA:359,31,1,10
BRDA:361,32,0,6
BRDA:361,32,1,4
BRDA:377,33,0,8
BRDA:377,33,1,8
BRDA:377,34,0,16
BRDA:377,34,1,8
BRF:73
BRH:53
end_of_record
TN:
SF:/home/david/dql/src/DQLEndpointProperty.js
FNF:0
FNH:0
DA:2,0
LF:1
LH:0
BRF:0
BRH:0
end_of_record
TN:
SF:/home/david/dql/src/DQLServer.js
FN:2,(anonymous_0)
FN:5,(anonymous_1)
FN:21,(anonymous_2)
FN:26,(anonymous_3)
FN:28,(anonymous_4)
FN:42,(anonymous_5)
FN:67,(anonymous_6)
FN:69,(anonymous_7)
FN:96,(anonymous_8)
FN:99,(anonymous_9)
FN:110,(anonymous_10)
FN:111,(anonymous_11)
FN:130,(anonymous_12)
FN:141,(anonymous_13)
FN:149,(anonymous_14)
FN:150,(anonymous_15)
FN:175,(anonymous_16)
FN:180,(anonymous_17)
FN:192,(anonymous_18)
FN:224,(anonymous_19)
FN:228,(anonymous_20)
FN:234,(anonymous_21)
FN:254,(anonymous_22)
FN:269,(anonymous_23)
FNF:24
FNH:0
FNDA:0,(anonymous_0)
FNDA:0,(anonymous_1)
FNDA:0,(anonymous_2)
FNDA:0,(anonymous_3)
FNDA:0,(anonymous_4)
FNDA:0,(anonymous_5)
FNDA:0,(anonymous_6)
FNDA:0,(anonymous_7)
FNDA:0,(anonymous_8)
FNDA:0,(anonymous_9)
FNDA:0,(anonymous_10)
FNDA:0,(anonymous_11)
FNDA:0,(anonymous_12)
FNDA:0,(anonymous_13)
FNDA:0,(anonymous_14)
FNDA:0,(anonymous_15)
FNDA:0,(anonymous_16)
FNDA:0,(anonymous_17)
FNDA:0,(anonymous_18)
FNDA:0,(anonymous_19)
FNDA:0,(anonymous_20)
FNDA:0,(anonymous_21)
FNDA:0,(anonymous_22)
FNDA:0,(anonymous_23)
DA:2,0
DA:3,0
DA:5,0
DA:6,0
DA:7,0
DA:8,0
DA:9,0
DA:10,0
DA:12,0
DA:13,0
DA:14,0
DA:15,0
DA:16,0
DA:17,0
DA:18,0
DA:19,0
DA:22,0
DA:23,0
DA:24,0
DA:27,0
DA:28,0
DA:29,0
DA:31,0
DA:43,0
DA:44,0
DA:45,0
DA:46,0
DA:47,0
DA:48,0
DA:49,0
DA:50,0
DA:68,0
DA:69,0
DA:70,0
DA:72,0
DA:73,0
DA:76,0
DA:97,0
DA:98,0
DA:99,0
DA:100,0
DA:101,0
DA:102,0
DA:103,0
DA:104,0
DA:105,0
DA:106,0
DA:108,0
DA:110,0
DA:111,0
DA:112,0
DA:122,0
DA:131,0
DA:142,0
DA:143,0
DA:144,0
DA:150,0
DA:151,0
DA:153,0
DA:154,0
DA:155,0
DA:156,0
DA:157,0
DA:158,0
DA:161,0
DA:176,0
DA:177,0
DA:178,0
DA:179,0
DA:180,0
DA:181,0
DA:182,0
DA:188,0
DA:190,0
DA:192,0
DA:193,0
DA:194,0
DA:195,0
DA:196,0
DA:197,0
DA:199,0
DA:200,0
DA:202,0
DA:203,0
DA:204,0
DA:206,0
DA:207,0
DA:208,0
DA:210,0
DA:211,0
DA:212,0
DA:214,0
DA:215,0
DA:216,0
DA:218,0
DA:219,0
DA:223,0
DA:224,0
DA:225,0
DA:229,0
DA:230,0
DA:231,0
DA:232,0
DA:234,0
DA:235,0
DA:236,0
DA:238,0
DA:240,0
DA:242,0
DA:244,0
DA:248,0
DA:249,0
DA:250,0
DA:254,0
DA:259,0
DA:261,0
DA:270,0
DA:271,0
DA:272,0
DA:273,0
DA:276,0
DA:277,0
LF:122
LH:0
BRDA:2,0,0,0
BRDA:2,0,1,0
BRDA:2,0,2,0
BRDA:3,1,0,0
BRDA:3,1,1,0
BRDA:3,2,0,0
BRDA:3,2,1,0
BRDA:5,3,0,0
BRDA:5,3,1,0
BRDA:5,3,2,0
BRDA:6,4,0,0
BRDA:6,4,1,0
BRDA:6,5,0,0
BRDA:6,5,1,0
BRDA:8,6,0,0
BRDA:8,6,1,0
BRDA:8,7,0,0
BRDA:8,7,1,0
BRDA:43,8,0,0
BRDA:43,8,1,0
BRDA:46,9,0,0
BRDA:46,9,1,0
BRDA:47,10,0,0
BRDA:47,10,1,0
BRDA:49,11,0,0
BRDA:49,11,1,0
BRDA:49,12,0,0
BRDA:49,12,1,0
BRDA:70,13,0,0
BRDA:70,13,1,0
BRDA:102,14,0,0
BRDA:102,14,1,0
BRDA:104,15,0,0
BRDA:104,15,1,0
BRDA:108,16,0,0
BRDA:108,16,1,0
BRDA:154,17,0,0
BRDA:154,17,1,0
BRDA:156,18,0,0
BRDA:156,18,1,0
BRDA:181,19,0,0
BRDA:181,19,1,0
BRDA:196,20,0,0
BRDA:196,20,1,0
BRDA:197,21,0,0
BRDA:197,21,1,0
BRDA:197,21,2,0
BRDA:197,21,3,0
BRDA:197,21,4,0
BRDA:197,21,5,0
BRDA:224,22,0,0
BRDA:224,22,1,0
BRDA:224,23,0,0
BRDA:224,23,1,0
BRDA:231,24,0,0
BRDA:231,24,1,0
BRDA:234,25,0,0
BRDA:234,25,1,0
BRDA:234,25,2,0
BRDA:236,26,0,0
BRDA:236,26,1,0
BRDA:236,26,2,0
BRDA:236,26,3,0
BRDA:245,27,0,0
BRDA:245,27,1,0
BRDA:248,28,0,0
BRDA:248,28,1,0
BRF:67
BRH:0
end_of_record
TN:
SF:/home/david/dql/src/firebase-auth/AuthCredentials.js
FNF:0
FNH:0
DA:2,0
LF:1
LH:0
BRF:0
BRH:0
end_of_record
TN:
SF:/home/david/dql/src/firebase-auth/AuthEmailLoginError.js
FNF:0
FNH:0
DA:2,0
LF:1
LH:0
BRF:0
BRH:0
end_of_record
TN:
SF:/home/david/dql/src/firebase-auth/AuthEmailLoginParams.js
FNF:0
FNH:0
DA:2,0
LF:1
LH:0
BRF:0
BRH:0
end_of_record
TN:
SF:/home/david/dql/src/firebase-auth/AuthEmailLoginResponse.js
FNF:0
FNH:0
DA:2,0
LF:1
LH:0
BRF:0
BRH:0
end_of_record
TN:
SF:/home/david/dql/src/firebase-auth/firebaseAuthLoginEmailPassword.ts
FN:9,(anonymous_7)
FN:9,(anonymous_8)
FN:50,(anonymous_9)
FN:50,(anonymous_10)
FNF:4
FNH:0
FNDA:0,(anonymous_7)
FNDA:0,(anonymous_8)
FNDA:0,(anonymous_9)
FNDA:0,(anonymous_10)
DA:1,1
DA:5,1
DA:7,1
DA:9,1
DA:11,0
DA:12,0
DA:14,0
DA:16,0
DA:17,0
DA:18,0
DA:20,0
DA:21,0
DA:24,0
DA:26,0
DA:28,0
DA:29,0
DA:39,0
DA:50,0
DA:51,0
DA:53,0
DA:54,0
DA:56,0
DA:57,0
DA:62,1
LF:24
LH:5
BRDA:15,0,0,0
BRDA:15,0,1,0
BRDA:28,1,0,0
BRDA:28,1,1,0
BRDA:52,2,0,0
BRDA:52,2,1,0
BRF:6
BRH:0
end_of_record
TN:
SF:/home/david/dql/src/firebase-auth/firebaseVerifyAuthToken.ts
FN:18,(anonymous_7)
FN:32,(anonymous_8)
FN:57,(anonymous_9)
FN:57,(anonymous_10)
FN:61,(anonymous_11)
FN:70,(anonymous_12)
FN:70,(anonymous_13)
FN:72,(anonymous_14)
FN:78,(anonymous_15)
FN:86,(anonymous_16)
FN:89,(anonymous_17)
FN:103,(anonymous_18)
FNF:12
FNH:0
FNDA:0,(anonymous_7)
FNDA:0,(anonymous_8)
FNDA:0,(anonymous_9)
FNDA:0,(anonymous_10)
FNDA:0,(anonymous_11)
FNDA:0,(anonymous_12)
FNDA:0,(anonymous_13)
FNDA:0,(anonymous_14)
FNDA:0,(anonymous_15)
FNDA:0,(anonymous_16)
FNDA:0,(anonymous_17)
FNDA:0,(anonymous_18)
DA:1,1
DA:2,1
DA:10,1
DA:18,1
DA:19,0
DA:20,0
DA:22,0
DA:32,1
DA:34,0
DA:38,0
DA:40,0
DA:42,0
DA:43,0
DA:44,0
DA:46,0
DA:57,1
DA:58,0
DA:61,0
DA:70,1
DA:72,0
DA:73,0
DA:76,0
DA:78,0
DA:79,0
DA:82,0
DA:84,0
DA:86,0
DA:87,0
DA:90,0
DA:91,0
DA:93,0
DA:94,0
DA:95,0
DA:105,0
DA:107,0
DA:115,0
DA:119,1
LF:37
LH:8
BRDA:20,0,0,0
BRDA:20,0,1,0
BRDA:38,1,0,0
BRDA:38,1,1,0
BRDA:42,2,0,0
BRDA:42,2,1,0
BRDA:43,3,0,0
BRDA:43,3,1,0
BRDA:44,4,0,0
BRDA:44,4,1,0
BRDA:48,5,0,0
BRDA:48,5,1,0
BRDA:82,6,0,0
BRDA:82,6,1,0
BRDA:90,7,0,0
BRDA:90,7,1,0
BRDA:105,8,0,0
BRDA:105,8,1,0
BRDA:109,9,0,0
BRDA:109,9,1,0
BRDA:110,10,0,0
BRDA:110,10,1,0
BRF:22
BRH:0
end_of_record
TN:
SF:/home/david/dql/src/firebase-auth/index.ts
FNF:0
FNH:0
DA:1,1
DA:2,1
DA:4,1
LF:3
LH:3
BRF:0
BRH:0
end_of_record
